<?xml version="1.0" encoding="UTF-8"?>
<!-- Generated by org.testng.reporters.JUnitReportReporter -->
<testsuite skipped="0" hostname="DESKTOP-K1C0HJ9" name="academy.Login" tests="1" failures="0" timestamp="2020-10-01T00:17:20 IST" time="1.786" errors="0">
  <testcase name="launchHome" time="1.786" classname="academy.Login"/>
  <system-out/>
</testsuite> <!-- academy.Login -->
