<?xml version="1.0" encoding="UTF-8"?>
<!-- Generated by org.testng.reporters.JUnitReportReporter -->
<testsuite skipped="0" hostname="DESKTOP-K1C0HJ9" name="academy.Home" tests="2" failures="0" timestamp="2020-10-01T00:17:20 IST" time="3.022" errors="0">
  <testcase name="launchHome" time="1.358" classname="academy.Home"/>
  <system-out/>
  <testcase name="launchHome" time="1.664" classname="academy.Home"/>
  <system-out/>
</testsuite> <!-- academy.Home -->
