<?xml version="1.0" encoding="UTF-8"?>
<!-- Generated by org.testng.reporters.JUnitReportReporter -->
<testsuite skipped="0" hostname="DESKTOP-K1C0HJ9" name="academy.DriverClass" tests="1" failures="0" timestamp="2020-09-25T22:49:24 IST" time="11.286" errors="0">
  <testcase name="initialiseDriver" time="11.286" classname="academy.DriverClass"/>
  <system-out/>
</testsuite> <!-- academy.DriverClass -->
